Wed Jul 04 2018 21:27:53 GMT+0800 (Malay Peninsula Standard Time): GET /
Wed Jul 04 2018 21:28:36 GMT+0800 (Malay Peninsula Standard Time): GET /about
Wed Jul 04 2018 21:35:26 GMT+0800 (Malay Peninsula Standard Time): GET /about
Wed Jul 04 2018 21:35:28 GMT+0800 (Malay Peninsula Standard Time): GET /about
Wed Jul 04 2018 21:35:30 GMT+0800 (Malay Peninsula Standard Time): GET /
Wed Jul 04 2018 21:37:03 GMT+0800 (Malay Peninsula Standard Time): GET /help.html
Wed Jul 04 2018 21:37:08 GMT+0800 (Malay Peninsula Standard Time): GET /
Wed Jul 04 2018 21:37:25 GMT+0800 (Malay Peninsula Standard Time): GET /
Thu Jul 05 2018 14:23:07 GMT+0800 (Malay Peninsula Standard Time): GET /
Thu Jul 05 2018 14:23:08 GMT+0800 (Malay Peninsula Standard Time): GET /favicon.ico
Thu Jul 05 2018 14:25:53 GMT+0800 (Malay Peninsula Standard Time): GET /projects
Thu Jul 05 2018 14:25:55 GMT+0800 (Malay Peninsula Standard Time): GET /projects
Thu Jul 05 2018 14:25:56 GMT+0800 (Malay Peninsula Standard Time): GET /projects
Thu Jul 05 2018 14:25:57 GMT+0800 (Malay Peninsula Standard Time): GET /projects
Thu Jul 05 2018 14:25:58 GMT+0800 (Malay Peninsula Standard Time): GET /projects
Thu Jul 05 2018 14:27:38 GMT+0800 (Malay Peninsula Standard Time): GET /projects
Thu Jul 05 2018 14:27:41 GMT+0800 (Malay Peninsula Standard Time): GET /projects
Thu Jul 05 2018 14:27:45 GMT+0800 (Malay Peninsula Standard Time): GET /about
Thu Jul 05 2018 14:27:46 GMT+0800 (Malay Peninsula Standard Time): GET /
Thu Jul 05 2018 14:27:47 GMT+0800 (Malay Peninsula Standard Time): GET /about
